<?xml version="1.0" encoding="UTF-8"?>
<testng-results skipped="0" failed="1" total="2" passed="1">
  <reporter-output>
  </reporter-output>
  <suite name="Default suite" duration-ms="32546" started-at="2014-12-13T20:14:52Z" finished-at="2014-12-13T20:15:24Z">
    <groups>
    </groups>
    <test name="Default test" duration-ms="32546" started-at="2014-12-13T20:14:52Z" finished-at="2014-12-13T20:15:24Z">
      <class name="com.paxovision.qa.selenium.keyword.driver.KeywordDriver">
        <test-method status="PASS" signature="beforeMethod()[pri:0, instance:com.paxovision.qa.selenium.keyword.driver.KeywordDriver@1e72f580]" name="beforeMethod" is-config="true" duration-ms="3077" started-at="2014-12-13T15:14:52Z" finished-at="2014-12-13T15:14:55Z">
          <reporter-output>
          </reporter-output>
        </test-method> <!-- beforeMethod -->
        <test-method status="PASS" signature="driver(java.lang.String, java.lang.String)[pri:0, instance:com.paxovision.qa.selenium.keyword.driver.KeywordDriver@1e72f580]" name="driver" duration-ms="17245" started-at="2014-12-13T15:14:55Z" data-provider="ScriptList" finished-at="2014-12-13T15:15:12Z">
          <params>
            <param index="0">
              <value>
                <![CDATA[Test Case 1]]>
              </value>
            </param>
            <param index="1">
              <value>
                <![CDATA[Script01]]>
              </value>
            </param>
          </params>
          <reporter-output>
          </reporter-output>
        </test-method> <!-- driver -->
        <test-method status="PASS" signature="afterMethod()[pri:0, instance:com.paxovision.qa.selenium.keyword.driver.KeywordDriver@1e72f580]" name="afterMethod" is-config="true" duration-ms="109" started-at="2014-12-13T15:15:12Z" finished-at="2014-12-13T15:15:12Z">
          <reporter-output>
          </reporter-output>
        </test-method> <!-- afterMethod -->
        <test-method status="PASS" signature="beforeMethod()[pri:0, instance:com.paxovision.qa.selenium.keyword.driver.KeywordDriver@1e72f580]" name="beforeMethod" is-config="true" duration-ms="1750" started-at="2014-12-13T15:15:12Z" finished-at="2014-12-13T15:15:14Z">
          <reporter-output>
          </reporter-output>
        </test-method> <!-- beforeMethod -->
        <test-method status="FAIL" signature="driver(java.lang.String, java.lang.String)[pri:0, instance:com.paxovision.qa.selenium.keyword.driver.KeywordDriver@1e72f580]" name="driver" duration-ms="10193" started-at="2014-12-13T15:15:14Z" data-provider="ScriptList" finished-at="2014-12-13T15:15:24Z">
          <params>
            <param index="0">
              <value>
                <![CDATA[Test Case 2]]>
              </value>
            </param>
            <param index="1">
              <value>
                <![CDATA[Script02]]>
              </value>
            </param>
          </params>
          <exception class="java.lang.AssertionError">
            <message>
              <![CDATA[expected [Iftekharx] but found [Iftekhar]]]>
            </message>
            <full-stacktrace>
              <![CDATA[java.lang.AssertionError: expected [Iftekharx] but found [Iftekhar]
	at org.testng.Assert.fail(Assert.java:94)
	at org.testng.Assert.failNotEquals(Assert.java:494)
	at org.testng.Assert.assertEquals(Assert.java:123)
	at org.testng.Assert.assertEquals(Assert.java:176)
	at org.testng.Assert.assertEquals(Assert.java:186)
	at com.paxovision.framework.KeyWordScriptBase.processKeyword(KeyWordScriptBase.java:136)
	at com.paxovision.qa.selenium.keyword.driver.KeywordDriver.driver(KeywordDriver.java:21)
	at sun.reflect.NativeMethodAccessorImpl.invoke0(Native Method)
	at sun.reflect.NativeMethodAccessorImpl.invoke(NativeMethodAccessorImpl.java:57)
	at sun.reflect.DelegatingMethodAccessorImpl.invoke(DelegatingMethodAccessorImpl.java:43)
	at java.lang.reflect.Method.invoke(Method.java:606)
	at org.testng.internal.MethodInvocationHelper.invokeMethod(MethodInvocationHelper.java:84)
	at org.testng.internal.Invoker.invokeMethod(Invoker.java:714)
	at org.testng.internal.Invoker.invokeTestMethod(Invoker.java:901)
	at org.testng.internal.Invoker.invokeTestMethods(Invoker.java:1231)
	at org.testng.internal.TestMethodWorker.invokeTestMethods(TestMethodWorker.java:127)
	at org.testng.internal.TestMethodWorker.run(TestMethodWorker.java:111)
	at org.testng.TestRunner.privateRun(TestRunner.java:767)
	at org.testng.TestRunner.run(TestRunner.java:617)
	at org.testng.SuiteRunner.runTest(SuiteRunner.java:334)
	at org.testng.SuiteRunner.runSequentially(SuiteRunner.java:329)
	at org.testng.SuiteRunner.privateRun(SuiteRunner.java:291)
	at org.testng.SuiteRunner.run(SuiteRunner.java:240)
	at org.testng.SuiteRunnerWorker.runSuite(SuiteRunnerWorker.java:52)
	at org.testng.SuiteRunnerWorker.run(SuiteRunnerWorker.java:86)
	at org.testng.TestNG.runSuitesSequentially(TestNG.java:1224)
	at org.testng.TestNG.runSuitesLocally(TestNG.java:1149)
	at org.testng.TestNG.run(TestNG.java:1057)
	at org.testng.remote.RemoteTestNG.run(RemoteTestNG.java:111)
	at org.testng.remote.RemoteTestNG.initAndRun(RemoteTestNG.java:204)
	at org.testng.remote.RemoteTestNG.main(RemoteTestNG.java:175)
]]>
            </full-stacktrace>
          </exception> <!-- java.lang.AssertionError -->
          <reporter-output>
          </reporter-output>
        </test-method> <!-- driver -->
        <test-method status="PASS" signature="afterMethod()[pri:0, instance:com.paxovision.qa.selenium.keyword.driver.KeywordDriver@1e72f580]" name="afterMethod" is-config="true" duration-ms="125" started-at="2014-12-13T15:15:24Z" finished-at="2014-12-13T15:15:24Z">
          <reporter-output>
          </reporter-output>
        </test-method> <!-- afterMethod -->
      </class> <!-- com.paxovision.qa.selenium.keyword.driver.KeywordDriver -->
    </test> <!-- Default test -->
  </suite> <!-- Default suite -->
</testng-results>
